# JRE version: OpenJDK Runtime Environment (7.0_95) (build 1.7.0_95-b00)
# Java VM: OpenJDK 64-Bit Server VM (24.95-b01 mixed mode linux-amd64 compressed oops)
Heap
 PSYoungGen      total 219136K, used 8371K [0x00000000eb600000, 0x00000000f9600000, 0x0000000100000000)
  eden space 209408K, 0% used [0x00000000eb600000,0x00000000eb600000,0x00000000f8280000)
  from space 9728K, 86% used [0x00000000f8280000,0x00000000f8aacd90,0x00000000f8c00000)
  to   space 9216K, 0% used [0x00000000f8c00000,0x00000000f8c00000,0x00000000f9500000)
 ParOldGen       total 41984K, used 21329K [0x00000000c2200000, 0x00000000c4b00000, 0x00000000eb600000)
  object space 41984K, 50% used [0x00000000c2200000,0x00000000c36d4628,0x00000000c4b00000)
 PSPermGen       total 40448K, used 40104K [0x00000000b7c00000, 0x00000000ba380000, 0x00000000c2200000)
  object space 40448K, 99% used [0x00000000b7c00000,0x00000000ba32a0b8,0x00000000ba380000)
GC Heap History (10 events):
Event: 6,584 GC heap after
Heap after GC invocations=6 (full 0):
 PSYoungGen      total 71680K, used 4652K [0x00000000eb600000, 0x00000000f0300000, 0x0000000100000000)
  eden space 65536K, 0% used [0x00000000eb600000,0x00000000eb600000,0x00000000ef600000)
  from space 6144K, 75% used [0x00000000efd00000,0x00000000f018b040,0x00000000f0300000)
  to   space 6656K, 0% used [0x00000000ef600000,0x00000000ef600000,0x00000000efc80000)
 ParOldGen       total 41984K, used 12669K [0x00000000c2200000, 0x00000000c4b00000, 0x00000000eb600000)
  object space 41984K, 30% used [0x00000000c2200000,0x00000000c2e5f600,0x00000000c4b00000)
 PSPermGen       total 24576K, used 24555K [0x00000000b7c00000, 0x00000000b9400000, 0x00000000c2200000)
  object space 24576K, 99% used [0x00000000b7c00000,0x00000000b93fae60,0x00000000b9400000)
}
Event: 8,827 GC heap before
{Heap before GC invocations=7 (full 0):
 PSYoungGen      total 71680K, used 70188K [0x00000000eb600000, 0x00000000f0300000, 0x0000000100000000)
  eden space 65536K, 100% used [0x00000000eb600000,0x00000000ef600000,0x00000000ef600000)
  from space 6144K, 75% used [0x00000000efd00000,0x00000000f018b040,0x00000000f0300000)
  to   space 6656K, 0% used [0x00000000ef600000,0x00000000ef600000,0x00000000efc80000)
 ParOldGen       total 41984K, used 12669K [0x00000000c2200000, 0x00000000c4b00000, 0x00000000eb600000)
  object space 41984K, 30% used [0x00000000c2200000,0x00000000c2e5f600,0x00000000c4b00000)
 PSPermGen       total 31232K, used 30944K [0x00000000b7c00000, 0x00000000b9a80000, 0x00000000c2200000)
  object space 31232K, 99% used [0x00000000b7c00000,0x00000000b9a38368,0x00000000b9a80000)
Event: 9,018 GC heap after
Heap after GC invocations=7 (full 0):
 PSYoungGen      total 72192K, used 6627K [0x00000000eb600000, 0x00000000f4800000, 0x0000000100000000)
  eden space 65536K, 0% used [0x00000000eb600000,0x00000000eb600000,0x00000000ef600000)
  from space 6656K, 99% used [0x00000000ef600000,0x00000000efc78e00,0x00000000efc80000)
  to   space 9216K, 0% used [0x00000000f3f00000,0x00000000f3f00000,0x00000000f4800000)
 ParOldGen       total 41984K, used 16288K [0x00000000c2200000, 0x00000000c4b00000, 0x00000000eb600000)
  object space 41984K, 38% used [0x00000000c2200000,0x00000000c31e8170,0x00000000c4b00000)
 PSPermGen       total 31232K, used 30944K [0x00000000b7c00000, 0x00000000b9a80000, 0x00000000c2200000)
  object space 31232K, 99% used [0x00000000b7c00000,0x00000000b9a38368,0x00000000b9a80000)
}
Event: 16,607 GC heap before
{Heap before GC invocations=8 (full 0):
 PSYoungGen      total 72192K, used 72163K [0x00000000eb600000, 0x00000000f4800000, 0x0000000100000000)
  eden space 65536K, 100% used [0x00000000eb600000,0x00000000ef600000,0x00000000ef600000)
  from space 6656K, 99% used [0x00000000ef600000,0x00000000efc78e00,0x00000000efc80000)
  to   space 9216K, 0% used [0x00000000f3f00000,0x00000000f3f00000,0x00000000f4800000)
 ParOldGen       total 41984K, used 16288K [0x00000000c2200000, 0x00000000c4b00000, 0x00000000eb600000)
  object space 41984K, 38% used [0x00000000c2200000,0x00000000c31e8170,0x00000000c4b00000)
 PSPermGen       total 33280K, used 33242K [0x00000000b7c00000, 0x00000000b9c80000, 0x00000000c2200000)
  object space 33280K, 99% used [0x00000000b7c00000,0x00000000b9c76bd0,0x00000000b9c80000)
Event: 16,655 GC heap after
Heap after GC invocations=8 (full 0):
 PSYoungGen      total 139264K, used 5918K [0x00000000eb600000, 0x00000000f4700000, 0x0000000100000000)
  eden space 131072K, 0% used [0x00000000eb600000,0x00000000eb600000,0x00000000f3600000)
  from space 8192K, 72% used [0x00000000f3f00000,0x00000000f44c7908,0x00000000f4700000)
  to   space 8704K, 0% used [0x00000000f3600000,0x00000000f3600000,0x00000000f3e80000)
 ParOldGen       total 41984K, used 16917K [0x00000000c2200000, 0x00000000c4b00000, 0x00000000eb600000)
  object space 41984K, 40% used [0x00000000c2200000,0x00000000c3285598,0x00000000c4b00000)
 PSPermGen       total 33280K, used 33242K [0x00000000b7c00000, 0x00000000b9c80000, 0x00000000c2200000)
  object space 33280K, 99% used [0x00000000b7c00000,0x00000000b9c76bd0,0x00000000b9c80000)
}
Event: 17,695 GC heap before
{Heap before GC invocations=9 (full 0):
 PSYoungGen      total 139264K, used 136990K [0x00000000eb600000, 0x00000000f4700000, 0x0000000100000000)
  eden space 131072K, 100% used [0x00000000eb600000,0x00000000f3600000,0x00000000f3600000)
  from space 8192K, 72% used [0x00000000f3f00000,0x00000000f44c7908,0x00000000f4700000)
  to   space 8704K, 0% used [0x00000000f3600000,0x00000000f3600000,0x00000000f3e80000)
 ParOldGen       total 41984K, used 16917K [0x00000000c2200000, 0x00000000c4b00000, 0x00000000eb600000)
  object space 41984K, 40% used [0x00000000c2200000,0x00000000c3285598,0x00000000c4b00000)
 PSPermGen       total 33280K, used 33252K [0x00000000b7c00000, 0x00000000b9c80000, 0x00000000c2200000)
  object space 33280K, 99% used [0x00000000b7c00000,0x00000000b9c79328,0x00000000b9c80000)
Event: 17,719 GC heap after
Heap after GC invocations=9 (full 0):
 PSYoungGen      total 139776K, used 2880K [0x00000000eb600000, 0x00000000f9500000, 0x0000000100000000)
  eden space 131072K, 0% used [0x00000000eb600000,0x00000000eb600000,0x00000000f3600000)
  from space 8704K, 33% used [0x00000000f3600000,0x00000000f38d0010,0x00000000f3e80000)
  to   space 9216K, 0% used [0x00000000f8c00000,0x00000000f8c00000,0x00000000f9500000)
 ParOldGen       total 41984K, used 18505K [0x00000000c2200000, 0x00000000c4b00000, 0x00000000eb600000)
  object space 41984K, 44% used [0x00000000c2200000,0x00000000c34125a8,0x00000000c4b00000)
 PSPermGen       total 33280K, used 33252K [0x00000000b7c00000, 0x00000000b9c80000, 0x00000000c2200000)
  object space 33280K, 99% used [0x00000000b7c00000,0x00000000b9c79328,0x00000000b9c80000)
}
Event: 17,889 GC heap before
{Heap before GC invocations=10 (full 0):
 PSYoungGen      total 139776K, used 133952K [0x00000000eb600000, 0x00000000f9500000, 0x0000000100000000)
  eden space 131072K, 100% used [0x00000000eb600000,0x00000000f3600000,0x00000000f3600000)
  from space 8704K, 33% used [0x00000000f3600000,0x00000000f38d0010,0x00000000f3e80000)
  to   space 9216K, 0% used [0x00000000f8c00000,0x00000000f8c00000,0x00000000f9500000)
 ParOldGen       total 41984K, used 18505K [0x00000000c2200000, 0x00000000c4b00000, 0x00000000eb600000)
  object space 41984K, 44% used [0x00000000c2200000,0x00000000c34125a8,0x00000000c4b00000)
 PSPermGen       total 33280K, used 33252K [0x00000000b7c00000, 0x00000000b9c80000, 0x00000000c2200000)
  object space 33280K, 99% used [0x00000000b7c00000,0x00000000b9c79328,0x00000000b9c80000)
Event: 17,942 GC heap after
Heap after GC invocations=10 (full 0):
 PSYoungGen      total 218624K, used 96K [0x00000000eb600000, 0x00000000f9600000, 0x0000000100000000)
  eden space 209408K, 0% used [0x00000000eb600000,0x00000000eb600000,0x00000000f8280000)
  from space 9216K, 1% used [0x00000000f8c00000,0x00000000f8c18000,0x00000000f9500000)
  to   space 9728K, 0% used [0x00000000f8280000,0x00000000f8280000,0x00000000f8c00000)
 ParOldGen       total 41984K, used 21313K [0x00000000c2200000, 0x00000000c4b00000, 0x00000000eb600000)
  object space 41984K, 50% used [0x00000000c2200000,0x00000000c36d0628,0x00000000c4b00000)
 PSPermGen       total 33280K, used 33252K [0x00000000b7c00000, 0x00000000b9c80000, 0x00000000c2200000)
  object space 33280K, 99% used [0x00000000b7c00000,0x00000000b9c79328,0x00000000b9c80000)
}
Event: 45,765 GC heap before
{Heap before GC invocations=11 (full 0):
 PSYoungGen      total 218624K, used 209504K [0x00000000eb600000, 0x00000000f9600000, 0x0000000100000000)
  eden space 209408K, 100% used [0x00000000eb600000,0x00000000f8280000,0x00000000f8280000)
  from space 9216K, 1% used [0x00000000f8c00000,0x00000000f8c18000,0x00000000f9500000)
  to   space 9728K, 0% used [0x00000000f8280000,0x00000000f8280000,0x00000000f8c00000)
 ParOldGen       total 41984K, used 21313K [0x00000000c2200000, 0x00000000c4b00000, 0x00000000eb600000)
  object space 41984K, 50% used [0x00000000c2200000,0x00000000c36d0628,0x00000000c4b00000)
 PSPermGen       total 40448K, used 40104K [0x00000000b7c00000, 0x00000000ba380000, 0x00000000c2200000)
  object space 40448K, 99% used [0x00000000b7c00000,0x00000000ba32a0b8,0x00000000ba380000)

