# JRE version: OpenJDK Runtime Environment (7.0_95) (build 1.7.0_95-b00)
# Java VM: OpenJDK 64-Bit Server VM (24.95-b01 mixed mode linux-amd64 compressed oops)
Heap
 PSYoungGen      total 271872K, used 9207K [0x00000000eb600000, 0x00000000fca00000, 0x0000000100000000)
  eden space 261632K, 0% used [0x00000000eb600000,0x00000000eb600000,0x00000000fb580000)
  from space 10240K, 89% used [0x00000000fb580000,0x00000000fbe7dc08,0x00000000fbf80000)
  to   space 9728K, 0% used [0x00000000fbf80000,0x00000000fbf80000,0x00000000fc900000)
 ParOldGen       total 41984K, used 21898K [0x00000000c2200000, 0x00000000c4b00000, 0x00000000eb600000)
  object space 41984K, 52% used [0x00000000c2200000,0x00000000c3762920,0x00000000c4b00000)
 PSPermGen       total 39936K, used 39869K [0x00000000b7c00000, 0x00000000ba300000, 0x00000000c2200000)
  object space 39936K, 99% used [0x00000000b7c00000,0x00000000ba2ef5d8,0x00000000ba300000)
GC Heap History (10 events):
Event: 8,321 GC heap after
Heap after GC invocations=4 (full 0):
 PSYoungGen      total 68096K, used 2532K [0x00000000eb600000, 0x00000000efb00000, 0x0000000100000000)
  eden space 65536K, 0% used [0x00000000eb600000,0x00000000eb600000,0x00000000ef600000)
  from space 2560K, 98% used [0x00000000ef880000,0x00000000efaf9040,0x00000000efb00000)
  to   space 2560K, 0% used [0x00000000ef600000,0x00000000ef600000,0x00000000ef880000)
 ParOldGen       total 41984K, used 12692K [0x00000000c2200000, 0x00000000c4b00000, 0x00000000eb600000)
  object space 41984K, 30% used [0x00000000c2200000,0x00000000c2e650e0,0x00000000c4b00000)
 PSPermGen       total 23040K, used 23000K [0x00000000b7c00000, 0x00000000b9280000, 0x00000000c2200000)
  object space 23040K, 99% used [0x00000000b7c00000,0x00000000b92762a8,0x00000000b9280000)
}
Event: 10,625 GC heap before
{Heap before GC invocations=5 (full 0):
 PSYoungGen      total 68096K, used 68068K [0x00000000eb600000, 0x00000000efb00000, 0x0000000100000000)
  eden space 65536K, 100% used [0x00000000eb600000,0x00000000ef600000,0x00000000ef600000)
  from space 2560K, 98% used [0x00000000ef880000,0x00000000efaf9040,0x00000000efb00000)
  to   space 2560K, 0% used [0x00000000ef600000,0x00000000ef600000,0x00000000ef880000)
 ParOldGen       total 41984K, used 12692K [0x00000000c2200000, 0x00000000c4b00000, 0x00000000eb600000)
  object space 41984K, 30% used [0x00000000c2200000,0x00000000c2e650e0,0x00000000c4b00000)
 PSPermGen       total 28160K, used 27827K [0x00000000b7c00000, 0x00000000b9780000, 0x00000000c2200000)
  object space 28160K, 98% used [0x00000000b7c00000,0x00000000b972cda8,0x00000000b9780000)
Event: 10,685 GC heap after
Heap after GC invocations=5 (full 0):
 PSYoungGen      total 68096K, used 2544K [0x00000000eb600000, 0x00000000f4900000, 0x0000000100000000)
  eden space 65536K, 0% used [0x00000000eb600000,0x00000000eb600000,0x00000000ef600000)
  from space 2560K, 99% used [0x00000000ef600000,0x00000000ef87c010,0x00000000ef880000)
  to   space 9728K, 0% used [0x00000000f3f80000,0x00000000f3f80000,0x00000000f4900000)
 ParOldGen       total 41984K, used 18264K [0x00000000c2200000, 0x00000000c4b00000, 0x00000000eb600000)
  object space 41984K, 43% used [0x00000000c2200000,0x00000000c33d6390,0x00000000c4b00000)
 PSPermGen       total 28160K, used 27827K [0x00000000b7c00000, 0x00000000b9780000, 0x00000000c2200000)
  object space 28160K, 98% used [0x00000000b7c00000,0x00000000b972cda8,0x00000000b9780000)
}
Event: 17,485 GC heap before
{Heap before GC invocations=6 (full 0):
 PSYoungGen      total 68096K, used 68080K [0x00000000eb600000, 0x00000000f4900000, 0x0000000100000000)
  eden space 65536K, 100% used [0x00000000eb600000,0x00000000ef600000,0x00000000ef600000)
  from space 2560K, 99% used [0x00000000ef600000,0x00000000ef87c010,0x00000000ef880000)
  to   space 9728K, 0% used [0x00000000f3f80000,0x00000000f3f80000,0x00000000f4900000)
 ParOldGen       total 41984K, used 18264K [0x00000000c2200000, 0x00000000c4b00000, 0x00000000eb600000)
  object space 41984K, 43% used [0x00000000c2200000,0x00000000c33d6390,0x00000000c4b00000)
 PSPermGen       total 32256K, used 32041K [0x00000000b7c00000, 0x00000000b9b80000, 0x00000000c2200000)
  object space 32256K, 99% used [0x00000000b7c00000,0x00000000b9b4a630,0x00000000b9b80000)
Event: 17,643 GC heap after
Heap after GC invocations=6 (full 0):
 PSYoungGen      total 140800K, used 6946K [0x00000000eb600000, 0x00000000f4900000, 0x0000000100000000)
  eden space 131072K, 0% used [0x00000000eb600000,0x00000000eb600000,0x00000000f3600000)
  from space 9728K, 71% used [0x00000000f3f80000,0x00000000f4648b70,0x00000000f4900000)
  to   space 9728K, 0% used [0x00000000f3600000,0x00000000f3600000,0x00000000f3f80000)
 ParOldGen       total 41984K, used 18264K [0x00000000c2200000, 0x00000000c4b00000, 0x00000000eb600000)
  object space 41984K, 43% used [0x00000000c2200000,0x00000000c33d6390,0x00000000c4b00000)
 PSPermGen       total 32256K, used 32041K [0x00000000b7c00000, 0x00000000b9b80000, 0x00000000c2200000)
  object space 32256K, 99% used [0x00000000b7c00000,0x00000000b9b4a630,0x00000000b9b80000)
}
Event: 23,261 GC heap before
{Heap before GC invocations=7 (full 0):
 PSYoungGen      total 140800K, used 138018K [0x00000000eb600000, 0x00000000f4900000, 0x0000000100000000)
  eden space 131072K, 100% used [0x00000000eb600000,0x00000000f3600000,0x00000000f3600000)
  from space 9728K, 71% used [0x00000000f3f80000,0x00000000f4648b70,0x00000000f4900000)
  to   space 9728K, 0% used [0x00000000f3600000,0x00000000f3600000,0x00000000f3f80000)
 ParOldGen       total 41984K, used 18264K [0x00000000c2200000, 0x00000000c4b00000, 0x00000000eb600000)
  object space 41984K, 43% used [0x00000000c2200000,0x00000000c33d6390,0x00000000c4b00000)
 PSPermGen       total 33280K, used 33253K [0x00000000b7c00000, 0x00000000b9c80000, 0x00000000c2200000)
  object space 33280K, 99% used [0x00000000b7c00000,0x00000000b9c79440,0x00000000b9c80000)
Event: 23,312 GC heap after
Heap after GC invocations=7 (full 0):
 PSYoungGen      total 140800K, used 3584K [0x00000000eb600000, 0x00000000fc900000, 0x0000000100000000)
  eden space 131072K, 0% used [0x00000000eb600000,0x00000000eb600000,0x00000000f3600000)
  from space 9728K, 36% used [0x00000000f3600000,0x00000000f3980010,0x00000000f3f80000)
  to   space 9728K, 0% used [0x00000000fbf80000,0x00000000fbf80000,0x00000000fc900000)
 ParOldGen       total 41984K, used 19558K [0x00000000c2200000, 0x00000000c4b00000, 0x00000000eb600000)
  object space 41984K, 46% used [0x00000000c2200000,0x00000000c3519870,0x00000000c4b00000)
 PSPermGen       total 33280K, used 33253K [0x00000000b7c00000, 0x00000000b9c80000, 0x00000000c2200000)
  object space 33280K, 99% used [0x00000000b7c00000,0x00000000b9c79440,0x00000000b9c80000)
}
Event: 23,895 GC heap before
{Heap before GC invocations=8 (full 0):
 PSYoungGen      total 140800K, used 134656K [0x00000000eb600000, 0x00000000fc900000, 0x0000000100000000)
  eden space 131072K, 100% used [0x00000000eb600000,0x00000000f3600000,0x00000000f3600000)
  from space 9728K, 36% used [0x00000000f3600000,0x00000000f3980010,0x00000000f3f80000)
  to   space 9728K, 0% used [0x00000000fbf80000,0x00000000fbf80000,0x00000000fc900000)
 ParOldGen       total 41984K, used 19558K [0x00000000c2200000, 0x00000000c4b00000, 0x00000000eb600000)
  object space 41984K, 46% used [0x00000000c2200000,0x00000000c3519870,0x00000000c4b00000)
 PSPermGen       total 33280K, used 33254K [0x00000000b7c00000, 0x00000000b9c80000, 0x00000000c2200000)
  object space 33280K, 99% used [0x00000000b7c00000,0x00000000b9c79a30,0x00000000b9c80000)
Event: 24,074 GC heap after
Heap after GC invocations=8 (full 0):
 PSYoungGen      total 271360K, used 2176K [0x00000000eb600000, 0x00000000fca00000, 0x0000000100000000)
  eden space 261632K, 0% used [0x00000000eb600000,0x00000000eb600000,0x00000000fb580000)
  from space 9728K, 22% used [0x00000000fbf80000,0x00000000fc1a0010,0x00000000fc900000)
  to   space 10240K, 0% used [0x00000000fb580000,0x00000000fb580000,0x00000000fbf80000)
 ParOldGen       total 41984K, used 20329K [0x00000000c2200000, 0x00000000c4b00000, 0x00000000eb600000)
  object space 41984K, 48% used [0x00000000c2200000,0x00000000c35da6d8,0x00000000c4b00000)
 PSPermGen       total 33280K, used 33254K [0x00000000b7c00000, 0x00000000b9c80000, 0x00000000c2200000)
  object space 33280K, 99% used [0x00000000b7c00000,0x00000000b9c79a30,0x00000000b9c80000)
}
Event: 59,566 GC heap before
{Heap before GC invocations=9 (full 0):
 PSYoungGen      total 271360K, used 263808K [0x00000000eb600000, 0x00000000fca00000, 0x0000000100000000)
  eden space 261632K, 100% used [0x00000000eb600000,0x00000000fb580000,0x00000000fb580000)
  from space 9728K, 22% used [0x00000000fbf80000,0x00000000fc1a0010,0x00000000fc900000)
  to   space 10240K, 0% used [0x00000000fb580000,0x00000000fb580000,0x00000000fbf80000)
 ParOldGen       total 41984K, used 20329K [0x00000000c2200000, 0x00000000c4b00000, 0x00000000eb600000)
  object space 41984K, 48% used [0x00000000c2200000,0x00000000c35da6d8,0x00000000c4b00000)
 PSPermGen       total 39936K, used 39869K [0x00000000b7c00000, 0x00000000ba300000, 0x00000000c2200000)
  object space 39936K, 99% used [0x00000000b7c00000,0x00000000ba2ef5d8,0x00000000ba300000)

