# JRE version: OpenJDK Runtime Environment (7.0_95) (build 1.7.0_95-b00)
# Java VM: OpenJDK 64-Bit Server VM (24.95-b01 mixed mode linux-amd64 compressed oops)
Heap
 PSYoungGen      total 211968K, used 104K [0x00000000eb600000, 0x00000000f8700000, 0x0000000100000000)
  eden space 209920K, 0% used [0x00000000eb600000,0x00000000eb600000,0x00000000f8300000)
  from space 2048K, 5% used [0x00000000f8300000,0x00000000f831a380,0x00000000f8500000)
  to   space 2048K, 0% used [0x00000000f8500000,0x00000000f8500000,0x00000000f8700000)
 ParOldGen       total 41984K, used 928K [0x00000000c2200000, 0x00000000c4b00000, 0x00000000eb600000)
  object space 41984K, 2% used [0x00000000c2200000,0x00000000c22e8080,0x00000000c4b00000)
 PSPermGen       total 21504K, used 6866K [0x00000000b7c00000, 0x00000000b9100000, 0x00000000c2200000)
  object space 21504K, 31% used [0x00000000b7c00000,0x00000000b82b4b70,0x00000000b9100000)
GC Heap History (10 events):
Event: 62,565 GC heap after
Heap after GC invocations=6 (full 0):
 PSYoungGen      total 67584K, used 948K [0x00000000eb600000, 0x00000000efa00000, 0x0000000100000000)
  eden space 65536K, 0% used [0x00000000eb600000,0x00000000eb600000,0x00000000ef600000)
  from space 2048K, 46% used [0x00000000ef800000,0x00000000ef8ed080,0x00000000efa00000)
  to   space 2048K, 0% used [0x00000000ef600000,0x00000000ef600000,0x00000000ef800000)
 ParOldGen       total 41984K, used 8K [0x00000000c2200000, 0x00000000c4b00000, 0x00000000eb600000)
  object space 41984K, 0% used [0x00000000c2200000,0x00000000c2202000,0x00000000c4b00000)
 PSPermGen       total 21504K, used 6865K [0x00000000b7c00000, 0x00000000b9100000, 0x00000000c2200000)
  object space 21504K, 31% used [0x00000000b7c00000,0x00000000b82b4400,0x00000000b9100000)
}
Event: 62,663 GC heap before
{Heap before GC invocations=7 (full 0):
 PSYoungGen      total 67584K, used 66435K [0x00000000eb600000, 0x00000000efa00000, 0x0000000100000000)
  eden space 65536K, 99% used [0x00000000eb600000,0x00000000ef5f3d90,0x00000000ef600000)
  from space 2048K, 46% used [0x00000000ef800000,0x00000000ef8ed080,0x00000000efa00000)
  to   space 2048K, 0% used [0x00000000ef600000,0x00000000ef600000,0x00000000ef800000)
 ParOldGen       total 41984K, used 8K [0x00000000c2200000, 0x00000000c4b00000, 0x00000000eb600000)
  object space 41984K, 0% used [0x00000000c2200000,0x00000000c2202000,0x00000000c4b00000)
 PSPermGen       total 21504K, used 6865K [0x00000000b7c00000, 0x00000000b9100000, 0x00000000c2200000)
  object space 21504K, 31% used [0x00000000b7c00000,0x00000000b82b4400,0x00000000b9100000)
Event: 62,679 GC heap after
Heap after GC invocations=7 (full 0):
 PSYoungGen      total 67584K, used 139K [0x00000000eb600000, 0x00000000f3a00000, 0x0000000100000000)
  eden space 65536K, 0% used [0x00000000eb600000,0x00000000eb600000,0x00000000ef600000)
  from space 2048K, 6% used [0x00000000ef600000,0x00000000ef622f70,0x00000000ef800000)
  to   space 2048K, 0% used [0x00000000f3800000,0x00000000f3800000,0x00000000f3a00000)
 ParOldGen       total 41984K, used 920K [0x00000000c2200000, 0x00000000c4b00000, 0x00000000eb600000)
  object space 41984K, 2% used [0x00000000c2200000,0x00000000c22e6080,0x00000000c4b00000)
 PSPermGen       total 21504K, used 6865K [0x00000000b7c00000, 0x00000000b9100000, 0x00000000c2200000)
  object space 21504K, 31% used [0x00000000b7c00000,0x00000000b82b4400,0x00000000b9100000)
}
Event: 62,768 GC heap before
{Heap before GC invocations=8 (full 0):
 PSYoungGen      total 67584K, used 65675K [0x00000000eb600000, 0x00000000f3a00000, 0x0000000100000000)
  eden space 65536K, 100% used [0x00000000eb600000,0x00000000ef600000,0x00000000ef600000)
  from space 2048K, 6% used [0x00000000ef600000,0x00000000ef622f70,0x00000000ef800000)
  to   space 2048K, 0% used [0x00000000f3800000,0x00000000f3800000,0x00000000f3a00000)
 ParOldGen       total 41984K, used 920K [0x00000000c2200000, 0x00000000c4b00000, 0x00000000eb600000)
  object space 41984K, 2% used [0x00000000c2200000,0x00000000c22e6080,0x00000000c4b00000)
 PSPermGen       total 21504K, used 6866K [0x00000000b7c00000, 0x00000000b9100000, 0x00000000c2200000)
  object space 21504K, 31% used [0x00000000b7c00000,0x00000000b82b48c0,0x00000000b9100000)
Event: 62,772 GC heap after
Heap after GC invocations=8 (full 0):
 PSYoungGen      total 133120K, used 64K [0x00000000eb600000, 0x00000000f3a00000, 0x0000000100000000)
  eden space 131072K, 0% used [0x00000000eb600000,0x00000000eb600000,0x00000000f3600000)
  from space 2048K, 3% used [0x00000000f3800000,0x00000000f3810000,0x00000000f3a00000)
  to   space 2048K, 0% used [0x00000000f3600000,0x00000000f3600000,0x00000000f3800000)
 ParOldGen       total 41984K, used 920K [0x00000000c2200000, 0x00000000c4b00000, 0x00000000eb600000)
  object space 41984K, 2% used [0x00000000c2200000,0x00000000c22e6080,0x00000000c4b00000)
 PSPermGen       total 21504K, used 6866K [0x00000000b7c00000, 0x00000000b9100000, 0x00000000c2200000)
  object space 21504K, 31% used [0x00000000b7c00000,0x00000000b82b48c0,0x00000000b9100000)
}
Event: 63,279 GC heap before
{Heap before GC invocations=9 (full 0):
 PSYoungGen      total 133120K, used 131136K [0x00000000eb600000, 0x00000000f3a00000, 0x0000000100000000)
  eden space 131072K, 100% used [0x00000000eb600000,0x00000000f3600000,0x00000000f3600000)
  from space 2048K, 3% used [0x00000000f3800000,0x00000000f3810000,0x00000000f3a00000)
  to   space 2048K, 0% used [0x00000000f3600000,0x00000000f3600000,0x00000000f3800000)
 ParOldGen       total 41984K, used 920K [0x00000000c2200000, 0x00000000c4b00000, 0x00000000eb600000)
  object space 41984K, 2% used [0x00000000c2200000,0x00000000c22e6080,0x00000000c4b00000)
 PSPermGen       total 21504K, used 6866K [0x00000000b7c00000, 0x00000000b9100000, 0x00000000c2200000)
  object space 21504K, 31% used [0x00000000b7c00000,0x00000000b82b49f8,0x00000000b9100000)
Event: 63,282 GC heap after
Heap after GC invocations=9 (full 0):
 PSYoungGen      total 133120K, used 129K [0x00000000eb600000, 0x00000000f8700000, 0x0000000100000000)
  eden space 131072K, 0% used [0x00000000eb600000,0x00000000eb600000,0x00000000f3600000)
  from space 2048K, 6% used [0x00000000f3600000,0x00000000f36207e0,0x00000000f3800000)
  to   space 2048K, 0% used [0x00000000f8500000,0x00000000f8500000,0x00000000f8700000)
 ParOldGen       total 41984K, used 920K [0x00000000c2200000, 0x00000000c4b00000, 0x00000000eb600000)
  object space 41984K, 2% used [0x00000000c2200000,0x00000000c22e6080,0x00000000c4b00000)
 PSPermGen       total 21504K, used 6866K [0x00000000b7c00000, 0x00000000b9100000, 0x00000000c2200000)
  object space 21504K, 31% used [0x00000000b7c00000,0x00000000b82b49f8,0x00000000b9100000)
}
Event: 63,348 GC heap before
{Heap before GC invocations=10 (full 0):
 PSYoungGen      total 133120K, used 131201K [0x00000000eb600000, 0x00000000f8700000, 0x0000000100000000)
  eden space 131072K, 100% used [0x00000000eb600000,0x00000000f3600000,0x00000000f3600000)
  from space 2048K, 6% used [0x00000000f3600000,0x00000000f36207e0,0x00000000f3800000)
  to   space 2048K, 0% used [0x00000000f8500000,0x00000000f8500000,0x00000000f8700000)
 ParOldGen       total 41984K, used 920K [0x00000000c2200000, 0x00000000c4b00000, 0x00000000eb600000)
  object space 41984K, 2% used [0x00000000c2200000,0x00000000c22e6080,0x00000000c4b00000)
 PSPermGen       total 21504K, used 6866K [0x00000000b7c00000, 0x00000000b9100000, 0x00000000c2200000)
  object space 21504K, 31% used [0x00000000b7c00000,0x00000000b82b4b70,0x00000000b9100000)
Event: 63,353 GC heap after
Heap after GC invocations=10 (full 0):
 PSYoungGen      total 211968K, used 80K [0x00000000eb600000, 0x00000000f8700000, 0x0000000100000000)
  eden space 209920K, 0% used [0x00000000eb600000,0x00000000eb600000,0x00000000f8300000)
  from space 2048K, 3% used [0x00000000f8500000,0x00000000f85142b0,0x00000000f8700000)
  to   space 2048K, 0% used [0x00000000f8300000,0x00000000f8300000,0x00000000f8500000)
 ParOldGen       total 41984K, used 928K [0x00000000c2200000, 0x00000000c4b00000, 0x00000000eb600000)
  object space 41984K, 2% used [0x00000000c2200000,0x00000000c22e8080,0x00000000c4b00000)
 PSPermGen       total 21504K, used 6866K [0x00000000b7c00000, 0x00000000b9100000, 0x00000000c2200000)
  object space 21504K, 31% used [0x00000000b7c00000,0x00000000b82b4b70,0x00000000b9100000)
}
Event: 63,863 GC heap before
{Heap before GC invocations=11 (full 0):
 PSYoungGen      total 211968K, used 209996K [0x00000000eb600000, 0x00000000f8700000, 0x0000000100000000)
  eden space 209920K, 99% used [0x00000000eb600000,0x00000000f82fefd8,0x00000000f8300000)
  from space 2048K, 3% used [0x00000000f8500000,0x00000000f85142b0,0x00000000f8700000)
  to   space 2048K, 0% used [0x00000000f8300000,0x00000000f8300000,0x00000000f8500000)
 ParOldGen       total 41984K, used 928K [0x00000000c2200000, 0x00000000c4b00000, 0x00000000eb600000)
  object space 41984K, 2% used [0x00000000c2200000,0x00000000c22e8080,0x00000000c4b00000)
 PSPermGen       total 21504K, used 6866K [0x00000000b7c00000, 0x00000000b9100000, 0x00000000c2200000)
  object space 21504K, 31% used [0x00000000b7c00000,0x00000000b82b4b70,0x00000000b9100000)

