# JRE version: OpenJDK Runtime Environment (7.0_95) (build 1.7.0_95-b00)
# Java VM: OpenJDK 64-Bit Server VM (24.95-b01 mixed mode linux-amd64 compressed oops)
Heap
 PSYoungGen      total 211968K, used 155K [0x00000000eb600000, 0x00000000f8700000, 0x0000000100000000)
  eden space 209920K, 0% used [0x00000000eb600000,0x00000000eb600000,0x00000000f8300000)
  from space 2048K, 7% used [0x00000000f8300000,0x00000000f8326cd0,0x00000000f8500000)
  to   space 2048K, 0% used [0x00000000f8500000,0x00000000f8500000,0x00000000f8700000)
 ParOldGen       total 41984K, used 928K [0x00000000c2200000, 0x00000000c4b00000, 0x00000000eb600000)
  object space 41984K, 2% used [0x00000000c2200000,0x00000000c22e80a0,0x00000000c4b00000)
 PSPermGen       total 21504K, used 6867K [0x00000000b7c00000, 0x00000000b9100000, 0x00000000c2200000)
  object space 21504K, 31% used [0x00000000b7c00000,0x00000000b82b4e30,0x00000000b9100000)
GC Heap History (10 events):
Event: 38,993 GC heap after
Heap after GC invocations=6 (full 0):
 PSYoungGen      total 67584K, used 1074K [0x00000000eb600000, 0x00000000efa00000, 0x0000000100000000)
  eden space 65536K, 0% used [0x00000000eb600000,0x00000000eb600000,0x00000000ef600000)
  from space 2048K, 52% used [0x00000000ef800000,0x00000000ef90cb40,0x00000000efa00000)
  to   space 2048K, 0% used [0x00000000ef600000,0x00000000ef600000,0x00000000ef800000)
 ParOldGen       total 41984K, used 16K [0x00000000c2200000, 0x00000000c4b00000, 0x00000000eb600000)
  object space 41984K, 0% used [0x00000000c2200000,0x00000000c2204000,0x00000000c4b00000)
 PSPermGen       total 21504K, used 6865K [0x00000000b7c00000, 0x00000000b9100000, 0x00000000c2200000)
  object space 21504K, 31% used [0x00000000b7c00000,0x00000000b82b45e8,0x00000000b9100000)
}
Event: 39,203 GC heap before
{Heap before GC invocations=7 (full 0):
 PSYoungGen      total 67584K, used 66610K [0x00000000eb600000, 0x00000000efa00000, 0x0000000100000000)
  eden space 65536K, 100% used [0x00000000eb600000,0x00000000ef600000,0x00000000ef600000)
  from space 2048K, 52% used [0x00000000ef800000,0x00000000ef90cb40,0x00000000efa00000)
  to   space 2048K, 0% used [0x00000000ef600000,0x00000000ef600000,0x00000000ef800000)
 ParOldGen       total 41984K, used 16K [0x00000000c2200000, 0x00000000c4b00000, 0x00000000eb600000)
  object space 41984K, 0% used [0x00000000c2200000,0x00000000c2204000,0x00000000c4b00000)
 PSPermGen       total 21504K, used 6865K [0x00000000b7c00000, 0x00000000b9100000, 0x00000000c2200000)
  object space 21504K, 31% used [0x00000000b7c00000,0x00000000b82b45e8,0x00000000b9100000)
Event: 39,219 GC heap after
Heap after GC invocations=7 (full 0):
 PSYoungGen      total 67584K, used 93K [0x00000000eb600000, 0x00000000f3a00000, 0x0000000100000000)
  eden space 65536K, 0% used [0x00000000eb600000,0x00000000eb600000,0x00000000ef600000)
  from space 2048K, 4% used [0x00000000ef600000,0x00000000ef617620,0x00000000ef800000)
  to   space 2048K, 0% used [0x00000000f3800000,0x00000000f3800000,0x00000000f3a00000)
 ParOldGen       total 41984K, used 920K [0x00000000c2200000, 0x00000000c4b00000, 0x00000000eb600000)
  object space 41984K, 2% used [0x00000000c2200000,0x00000000c22e60a0,0x00000000c4b00000)
 PSPermGen       total 21504K, used 6865K [0x00000000b7c00000, 0x00000000b9100000, 0x00000000c2200000)
  object space 21504K, 31% used [0x00000000b7c00000,0x00000000b82b45e8,0x00000000b9100000)
}
Event: 39,259 GC heap before
{Heap before GC invocations=8 (full 0):
 PSYoungGen      total 67584K, used 65579K [0x00000000eb600000, 0x00000000f3a00000, 0x0000000100000000)
  eden space 65536K, 99% used [0x00000000eb600000,0x00000000ef5f39c8,0x00000000ef600000)
  from space 2048K, 4% used [0x00000000ef600000,0x00000000ef617620,0x00000000ef800000)
  to   space 2048K, 0% used [0x00000000f3800000,0x00000000f3800000,0x00000000f3a00000)
 ParOldGen       total 41984K, used 920K [0x00000000c2200000, 0x00000000c4b00000, 0x00000000eb600000)
  object space 41984K, 2% used [0x00000000c2200000,0x00000000c22e60a0,0x00000000c4b00000)
 PSPermGen       total 21504K, used 6866K [0x00000000b7c00000, 0x00000000b9100000, 0x00000000c2200000)
  object space 21504K, 31% used [0x00000000b7c00000,0x00000000b82b4b80,0x00000000b9100000)
Event: 39,260 GC heap after
Heap after GC invocations=8 (full 0):
 PSYoungGen      total 133120K, used 82K [0x00000000eb600000, 0x00000000f3a00000, 0x0000000100000000)
  eden space 131072K, 0% used [0x00000000eb600000,0x00000000eb600000,0x00000000f3600000)
  from space 2048K, 4% used [0x00000000f3800000,0x00000000f3814b70,0x00000000f3a00000)
  to   space 2048K, 0% used [0x00000000f3600000,0x00000000f3600000,0x00000000f3800000)
 ParOldGen       total 41984K, used 920K [0x00000000c2200000, 0x00000000c4b00000, 0x00000000eb600000)
  object space 41984K, 2% used [0x00000000c2200000,0x00000000c22e60a0,0x00000000c4b00000)
 PSPermGen       total 21504K, used 6866K [0x00000000b7c00000, 0x00000000b9100000, 0x00000000c2200000)
  object space 21504K, 31% used [0x00000000b7c00000,0x00000000b82b4b80,0x00000000b9100000)
}
Event: 39,490 GC heap before
{Heap before GC invocations=9 (full 0):
 PSYoungGen      total 133120K, used 131154K [0x00000000eb600000, 0x00000000f3a00000, 0x0000000100000000)
  eden space 131072K, 100% used [0x00000000eb600000,0x00000000f3600000,0x00000000f3600000)
  from space 2048K, 4% used [0x00000000f3800000,0x00000000f3814b70,0x00000000f3a00000)
  to   space 2048K, 0% used [0x00000000f3600000,0x00000000f3600000,0x00000000f3800000)
 ParOldGen       total 41984K, used 920K [0x00000000c2200000, 0x00000000c4b00000, 0x00000000eb600000)
  object space 41984K, 2% used [0x00000000c2200000,0x00000000c22e60a0,0x00000000c4b00000)
 PSPermGen       total 21504K, used 6866K [0x00000000b7c00000, 0x00000000b9100000, 0x00000000c2200000)
  object space 21504K, 31% used [0x00000000b7c00000,0x00000000b82b4b80,0x00000000b9100000)
Event: 39,497 GC heap after
Heap after GC invocations=9 (full 0):
 PSYoungGen      total 133120K, used 102K [0x00000000eb600000, 0x00000000f8700000, 0x0000000100000000)
  eden space 131072K, 0% used [0x00000000eb600000,0x00000000eb600000,0x00000000f3600000)
  from space 2048K, 4% used [0x00000000f3600000,0x00000000f3619988,0x00000000f3800000)
  to   space 2048K, 0% used [0x00000000f8500000,0x00000000f8500000,0x00000000f8700000)
 ParOldGen       total 41984K, used 920K [0x00000000c2200000, 0x00000000c4b00000, 0x00000000eb600000)
  object space 41984K, 2% used [0x00000000c2200000,0x00000000c22e60a0,0x00000000c4b00000)
 PSPermGen       total 21504K, used 6866K [0x00000000b7c00000, 0x00000000b9100000, 0x00000000c2200000)
  object space 21504K, 31% used [0x00000000b7c00000,0x00000000b82b4b80,0x00000000b9100000)
}
Event: 39,571 GC heap before
{Heap before GC invocations=10 (full 0):
 PSYoungGen      total 133120K, used 131147K [0x00000000eb600000, 0x00000000f8700000, 0x0000000100000000)
  eden space 131072K, 99% used [0x00000000eb600000,0x00000000f35f9598,0x00000000f3600000)
  from space 2048K, 4% used [0x00000000f3600000,0x00000000f3619988,0x00000000f3800000)
  to   space 2048K, 0% used [0x00000000f8500000,0x00000000f8500000,0x00000000f8700000)
 ParOldGen       total 41984K, used 920K [0x00000000c2200000, 0x00000000c4b00000, 0x00000000eb600000)
  object space 41984K, 2% used [0x00000000c2200000,0x00000000c22e60a0,0x00000000c4b00000)
 PSPermGen       total 21504K, used 6867K [0x00000000b7c00000, 0x00000000b9100000, 0x00000000c2200000)
  object space 21504K, 31% used [0x00000000b7c00000,0x00000000b82b4cf8,0x00000000b9100000)
Event: 39,577 GC heap after
Heap after GC invocations=10 (full 0):
 PSYoungGen      total 211968K, used 127K [0x00000000eb600000, 0x00000000f8700000, 0x0000000100000000)
  eden space 209920K, 0% used [0x00000000eb600000,0x00000000eb600000,0x00000000f8300000)
  from space 2048K, 6% used [0x00000000f8500000,0x00000000f851fde8,0x00000000f8700000)
  to   space 2048K, 0% used [0x00000000f8300000,0x00000000f8300000,0x00000000f8500000)
 ParOldGen       total 41984K, used 928K [0x00000000c2200000, 0x00000000c4b00000, 0x00000000eb600000)
  object space 41984K, 2% used [0x00000000c2200000,0x00000000c22e80a0,0x00000000c4b00000)
 PSPermGen       total 21504K, used 6867K [0x00000000b7c00000, 0x00000000b9100000, 0x00000000c2200000)
  object space 21504K, 31% used [0x00000000b7c00000,0x00000000b82b4cf8,0x00000000b9100000)
}
Event: 39,763 GC heap before
{Heap before GC invocations=11 (full 0):
 PSYoungGen      total 211968K, used 210047K [0x00000000eb600000, 0x00000000f8700000, 0x0000000100000000)
  eden space 209920K, 100% used [0x00000000eb600000,0x00000000f8300000,0x00000000f8300000)
  from space 2048K, 6% used [0x00000000f8500000,0x00000000f851fde8,0x00000000f8700000)
  to   space 2048K, 0% used [0x00000000f8300000,0x00000000f8300000,0x00000000f8500000)
 ParOldGen       total 41984K, used 928K [0x00000000c2200000, 0x00000000c4b00000, 0x00000000eb600000)
  object space 41984K, 2% used [0x00000000c2200000,0x00000000c22e80a0,0x00000000c4b00000)
 PSPermGen       total 21504K, used 6867K [0x00000000b7c00000, 0x00000000b9100000, 0x00000000c2200000)
  object space 21504K, 31% used [0x00000000b7c00000,0x00000000b82b4e30,0x00000000b9100000)

